# JRE version: OpenJDK Runtime Environment Temurin-21.0.1+12 (21.0.1+12) (build 21.0.1+12-LTS)
# Java VM: OpenJDK 64-Bit Server VM Temurin-21.0.1+12 (21.0.1+12-LTS, mixed mode, emulated-client, sharing, tiered, compressed oops, compressed class ptrs, g1 gc, windows-amd64)
GC Precious Log:
 CardTable entry size: 512
 Card Set container configuration: InlinePtr #cards 5 size 8 Array Of Cards #cards 12 size 40 Howl #buckets 4 coarsen threshold 1843 Howl Bitmap #cards 512 size 80 coarsen threshold 460 Card regions per heap region 1 cards per card region 2048
 CPUs: 4 total, 4 available
 Memory: 8024M
 Large Page Support: Disabled
 NUMA Support: Disabled
 Compressed Oops: Enabled (32-bit)
 Heap Region Size: 1M
 Heap Min Capacity: 8M
 Heap Initial Capacity: 126M
 Heap Max Capacity: 2008M
 Pre-touch: Disabled
 Parallel Workers: 4
 Concurrent Workers: 1
 Concurrent Refinement Workers: 4
 Periodic GC: Disabled
Heap:
 garbage-first heap   total 133120K, used 116399K [0x0000000082800000, 0x0000000100000000)
  region size 1024K, 72 young (73728K), 2 survivors (2048K)
 Metaspace       used 100248K, committed 101312K, reserved 1179648K
  class space    used 13418K, committed 13888K, reserved 1048576K
GC Heap History (20 events):
Event: 208032.943 GC heap after
{Heap after GC invocations=253 (full 20):
 garbage-first heap   total 137216K, used 44696K [0x0000000082800000, 0x0000000100000000)
  region size 1024K, 6 young (6144K), 6 survivors (6144K)
 Metaspace       used 98682K, committed 99712K, reserved 1179648K
  class space    used 13286K, committed 13760K, reserved 1048576K
}
Event: 208033.997 GC heap before
{Heap before GC invocations=254 (full 20):
 garbage-first heap   total 137216K, used 120472K [0x0000000082800000, 0x0000000100000000)
  region size 1024K, 80 young (81920K), 6 survivors (6144K)
 Metaspace       used 98960K, committed 100032K, reserved 1179648K
  class space    used 13304K, committed 13760K, reserved 1048576K
}
Event: 208034.019 GC heap after
{Heap after GC invocations=255 (full 20):
 garbage-first heap   total 138240K, used 52309K [0x0000000082800000, 0x0000000100000000)
  region size 1024K, 8 young (8192K), 8 survivors (8192K)
 Metaspace       used 98960K, committed 100032K, reserved 1179648K
  class space    used 13304K, committed 13760K, reserved 1048576K
}
Event: 208034.455 GC heap before
{Heap before GC invocations=255 (full 20):
 garbage-first heap   total 138240K, used 118869K [0x0000000082800000, 0x0000000100000000)
  region size 1024K, 73 young (74752K), 8 survivors (8192K)
 Metaspace       used 98960K, committed 100032K, reserved 1179648K
  class space    used 13304K, committed 13760K, reserved 1048576K
}
Event: 208034.471 GC heap after
{Heap after GC invocations=256 (full 20):
 garbage-first heap   total 138240K, used 55561K [0x0000000082800000, 0x0000000100000000)
  region size 1024K, 10 young (10240K), 10 survivors (10240K)
 Metaspace       used 98960K, committed 100032K, reserved 1179648K
  class space    used 13304K, committed 13760K, reserved 1048576K
}
Event: 208057.519 GC heap before
{Heap before GC invocations=256 (full 20):
 garbage-first heap   total 138240K, used 105737K [0x0000000082800000, 0x0000000100000000)
  region size 1024K, 60 young (61440K), 10 survivors (10240K)
 Metaspace       used 98986K, committed 100032K, reserved 1179648K
  class space    used 13308K, committed 13760K, reserved 1048576K
}
Event: 208057.732 GC heap after
{Heap after GC invocations=257 (full 21):
 garbage-first heap   total 133120K, used 38732K [0x0000000082800000, 0x0000000100000000)
  region size 1024K, 0 young (0K), 0 survivors (0K)
 Metaspace       used 98962K, committed 100032K, reserved 1179648K
  class space    used 13303K, committed 13760K, reserved 1048576K
}
Event: 208060.884 GC heap before
{Heap before GC invocations=257 (full 21):
 garbage-first heap   total 133120K, used 111436K [0x0000000082800000, 0x0000000100000000)
  region size 1024K, 72 young (73728K), 0 survivors (0K)
 Metaspace       used 99218K, committed 100288K, reserved 1179648K
  class space    used 13339K, committed 13824K, reserved 1048576K
}
Event: 208060.899 GC heap after
{Heap after GC invocations=258 (full 21):
 garbage-first heap   total 133120K, used 44253K [0x0000000082800000, 0x0000000100000000)
  region size 1024K, 6 young (6144K), 6 survivors (6144K)
 Metaspace       used 99218K, committed 100288K, reserved 1179648K
  class space    used 13339K, committed 13824K, reserved 1048576K
}
Event: 208062.137 GC heap before
{Heap before GC invocations=259 (full 21):
 garbage-first heap   total 133120K, used 113885K [0x0000000082800000, 0x0000000100000000)
  region size 1024K, 73 young (74752K), 6 survivors (6144K)
 Metaspace       used 99604K, committed 100672K, reserved 1179648K
  class space    used 13365K, committed 13824K, reserved 1048576K
}
Event: 208062.157 GC heap after
{Heap after GC invocations=260 (full 21):
 garbage-first heap   total 133120K, used 50837K [0x0000000082800000, 0x0000000100000000)
  region size 1024K, 6 young (6144K), 6 survivors (6144K)
 Metaspace       used 99604K, committed 100672K, reserved 1179648K
  class space    used 13365K, committed 13824K, reserved 1048576K
}
Event: 208062.652 GC heap before
{Heap before GC invocations=260 (full 21):
 garbage-first heap   total 133120K, used 115349K [0x0000000082800000, 0x0000000100000000)
  region size 1024K, 69 young (70656K), 6 survivors (6144K)
 Metaspace       used 99604K, committed 100672K, reserved 1179648K
  class space    used 13365K, committed 13824K, reserved 1048576K
}
Event: 208062.666 GC heap after
{Heap after GC invocations=261 (full 21):
 garbage-first heap   total 133120K, used 51503K [0x0000000082800000, 0x0000000100000000)
  region size 1024K, 5 young (5120K), 5 survivors (5120K)
 Metaspace       used 99604K, committed 100672K, reserved 1179648K
  class space    used 13365K, committed 13824K, reserved 1048576K
}
Event: 208072.711 GC heap before
{Heap before GC invocations=261 (full 21):
 garbage-first heap   total 133120K, used 114991K [0x0000000082800000, 0x0000000100000000)
  region size 1024K, 68 young (69632K), 5 survivors (5120K)
 Metaspace       used 99624K, committed 100672K, reserved 1179648K
  class space    used 13367K, committed 13824K, reserved 1048576K
}
Event: 208072.719 GC heap after
{Heap after GC invocations=262 (full 21):
 garbage-first heap   total 160768K, used 48810K [0x0000000082800000, 0x0000000100000000)
  region size 1024K, 2 young (2048K), 2 survivors (2048K)
 Metaspace       used 99624K, committed 100672K, reserved 1179648K
  class space    used 13367K, committed 13824K, reserved 1048576K
}
Event: 208404.224 GC heap before
{Heap before GC invocations=263 (full 21):
 garbage-first heap   total 160768K, used 121514K [0x0000000082800000, 0x0000000100000000)
  region size 1024K, 74 young (75776K), 2 survivors (2048K)
 Metaspace       used 99617K, committed 100672K, reserved 1179648K
  class space    used 13366K, committed 13824K, reserved 1048576K
}
Event: 208404.434 GC heap after
{Heap after GC invocations=264 (full 22):
 garbage-first heap   total 133120K, used 39156K [0x0000000082800000, 0x0000000100000000)
  region size 1024K, 0 young (0K), 0 survivors (0K)
 Metaspace       used 99617K, committed 100672K, reserved 1179648K
  class space    used 13366K, committed 13824K, reserved 1048576K
}
Event: 208407.113 GC heap before
{Heap before GC invocations=264 (full 22):
 garbage-first heap   total 133120K, used 114932K [0x0000000082800000, 0x0000000100000000)
  region size 1024K, 75 young (76800K), 0 survivors (0K)
 Metaspace       used 99937K, committed 100992K, reserved 1179648K
  class space    used 13400K, committed 13888K, reserved 1048576K
}
Event: 208407.126 GC heap after
{Heap after GC invocations=265 (full 22):
 garbage-first heap   total 133120K, used 44719K [0x0000000082800000, 0x0000000100000000)
  region size 1024K, 6 young (6144K), 6 survivors (6144K)
 Metaspace       used 99937K, committed 100992K, reserved 1179648K
  class space    used 13400K, committed 13888K, reserved 1048576K
}
Event: 208651.991 GC heap before
{Heap before GC invocations=266 (full 22):
 garbage-first heap   total 133120K, used 116399K [0x0000000082800000, 0x0000000100000000)
  region size 1024K, 76 young (77824K), 6 survivors (6144K)
 Metaspace       used 100248K, committed 101312K, reserved 1179648K
  class space    used 13418K, committed 13888K, reserved 1048576K
}

